<?xml version="1.0" encoding="UTF-8"?>
<!-- Generated by org.testng.reporters.JUnitReportReporter -->
<testsuite hostname="LAPTOP-E8N8268I" failures="0" tests="4" name="api.test.UserTests" time="3.719" errors="0" timestamp="2025-07-22T17:30:19 BST" skipped="0">
  <testcase classname="api.test.UserTests" name="testPostUser" time="2.314"/>
  <testcase classname="api.test.UserTests" name="testGetUser" time="0.494"/>
  <testcase classname="api.test.UserTests" name="testUpdateUser" time="0.461"/>
  <testcase classname="api.test.UserTests" name="testDeleteUser" time="0.450"/>
</testsuite> <!-- api.test.UserTests -->
