<?xml version="1.0" encoding="UTF-8"?>
<!-- Generated by org.testng.reporters.JUnitReportReporter -->
<testsuite hostname="LAPTOP-E8N8268I" failures="0" tests="4" name="api.test.UserTests" time="3.738" errors="0" timestamp="2025-07-22T10:49:29 BST" skipped="0">
  <testcase classname="api.test.UserTests" name="testPostUser" time="2.328"/>
  <testcase classname="api.test.UserTests" name="testGetUser" time="0.482"/>
  <testcase classname="api.test.UserTests" name="testUpdateUser" time="0.470"/>
  <testcase classname="api.test.UserTests" name="testDeleteUser" time="0.458"/>
</testsuite> <!-- api.test.UserTests -->
