<?xml version="1.0" encoding="UTF-8"?>
<!-- Generated by org.testng.reporters.JUnitReportReporter -->
<testsuite hostname="LAPTOP-E8N8268I" failures="0" tests="6" name="api.test.DataDrivenTests" time="5.401" errors="0" timestamp="2025-07-22T14:46:15 BST" skipped="0">
  <testcase classname="api.test.DataDrivenTests" name="testPostUser" time="3.054"/>
  <testcase classname="api.test.DataDrivenTests" name="testPostUser" time="0.501"/>
  <testcase classname="api.test.DataDrivenTests" name="testPostUser" time="0.473"/>
  <testcase classname="api.test.DataDrivenTests" name="testDeleteUser" time="0.477"/>
  <testcase classname="api.test.DataDrivenTests" name="testDeleteUser" time="0.441"/>
  <testcase classname="api.test.DataDrivenTests" name="testDeleteUser" time="0.455"/>
</testsuite> <!-- api.test.DataDrivenTests -->
