<?xml version="1.0" encoding="UTF-8"?>
<!-- Generated by org.testng.reporters.JUnitReportReporter -->
<testsuite hostname="LAPTOP-E8N8268I" failures="0" tests="4" name="api.test.UserTests" time="8.002" errors="0" timestamp="2025-07-22T21:41:27 BST" skipped="0">
  <testcase classname="api.test.UserTests" name="testPostUser" time="4.033"/>
  <testcase classname="api.test.UserTests" name="testGetUser" time="1.276"/>
  <testcase classname="api.test.UserTests" name="testUpdateUser" time="1.369"/>
  <testcase classname="api.test.UserTests" name="testDeleteUser" time="1.324"/>
</testsuite> <!-- api.test.UserTests -->
