<?xml version="1.0" encoding="UTF-8"?>
<!-- Generated by org.testng.reporters.JUnitReportReporter -->
<testsuite hostname="LAPTOP-E8N8268I" failures="0" tests="6" name="api.test.DataDrivenTests" time="5.078" errors="0" timestamp="2025-07-22T18:25:05 BST" skipped="0">
  <testcase classname="api.test.DataDrivenTests" name="testPostUser" time="0.467"/>
  <testcase classname="api.test.DataDrivenTests" name="testPostUser" time="0.462"/>
  <testcase classname="api.test.DataDrivenTests" name="testPostUser" time="2.770"/>
  <testcase classname="api.test.DataDrivenTests" name="testDeleteUser" time="0.434"/>
  <testcase classname="api.test.DataDrivenTests" name="testDeleteUser" time="0.495"/>
  <testcase classname="api.test.DataDrivenTests" name="testDeleteUser" time="0.450"/>
</testsuite> <!-- api.test.DataDrivenTests -->
