<?xml version="1.0" encoding="UTF-8"?>
<!-- Generated by org.testng.reporters.JUnitReportReporter -->
<testsuite hostname="LAPTOP-E8N8268I" failures="0" tests="4" name="api.test.UserTests" time="1.839" errors="0" timestamp="2025-07-22T18:25:05 BST" skipped="0">
  <testcase classname="api.test.UserTests" name="testPostUser" time="0.502"/>
  <testcase classname="api.test.UserTests" name="testGetUser" time="0.454"/>
  <testcase classname="api.test.UserTests" name="testUpdateUser" time="0.444"/>
  <testcase classname="api.test.UserTests" name="testDeleteUser" time="0.439"/>
</testsuite> <!-- api.test.UserTests -->
